2016-08-11T02:10:48.052Z - normal: Load ~/.CocosCreator/settings.json
2016-08-11T02:10:48.064Z - normal: checking language setting...
2016-08-11T02:10:48.064Z - normal: Language: zh
2016-08-11T02:10:49.213Z - success: protocol editor-framework registerred
2016-08-11T02:10:49.214Z - success: protocol app registerred
2016-08-11T02:10:49.214Z - success: protocol packages registerred
2016-08-11T02:10:49.214Z - success: protocol unpack registerred
2016-08-11T02:10:49.378Z - normal: connected!
2016-08-11T02:10:49.383Z - normal: Check project C:\Users\bingogame\Documents\HELLO
2016-08-11T02:10:49.387Z - normal: Initializing Cocos Creator Editor
2016-08-11T02:10:50.912Z - normal: Initializing Cocos2d
2016-08-11T02:10:52.412Z - normal: Initializing Asset Database
2016-08-11T02:10:52.481Z - success: protocol uuid registerred
2016-08-11T02:10:52.481Z - success: protocol uuid registerred
2016-08-11T02:10:52.482Z - success: protocol thumbnail registerred
2016-08-11T02:10:52.482Z - normal: Loading editor/builtin packages
2016-08-11T02:10:52.963Z - success: assets loaded
2016-08-11T02:10:52.963Z - success: builder loaded
2016-08-11T02:10:52.978Z - success: hierarchy loaded
2016-08-11T02:10:52.978Z - success: inspector loaded
2016-08-11T02:10:52.978Z - success: keystore loaded
2016-08-11T02:10:52.978Z - success: node-library loaded
2016-08-11T02:10:52.994Z - success: preferences loaded
2016-08-11T02:10:53.010Z - success: project-importer loaded
2016-08-11T02:10:53.010Z - success: project-settings loaded
2016-08-11T02:10:53.010Z - success: ui-kit loaded
2016-08-11T02:10:53.041Z - success: ui-grid loaded
2016-08-11T02:10:53.056Z - success: scene loaded
2016-08-11T02:10:53.059Z - success: sprite-editor loaded
2016-08-11T02:10:53.064Z - success: timeline loaded
2016-08-11T02:10:53.065Z - success: ui-kit-extra loaded
2016-08-11T02:10:53.066Z - normal: Loading builtin packages
2016-08-11T02:10:53.100Z - success: asset-db-debugger loaded
2016-08-11T02:10:53.100Z - success: code-editor loaded
2016-08-11T02:10:53.100Z - success: color-picker loaded
2016-08-11T02:10:53.100Z - success: console loaded
2016-08-11T02:10:53.100Z - success: package-manager loaded
2016-08-11T02:10:53.116Z - success: tester loaded
2016-08-11T02:10:53.116Z - success: ui-tree loaded
2016-08-11T02:10:53.256Z - normal: Initializing project C:\Users\bingogame\Documents\HELLO
2016-08-11T02:10:53.287Z - normal: Loading packages
2016-08-11T02:10:53.287Z - normal: Run Application
2016-08-11T02:10:55.161Z - success: preview server running at http://localhost:7456
2016-08-11T02:11:01.028Z - normal: 1.1.2
2016-08-11T02:21:44.951Z - normal: Compiled successfully
2016-08-11T02:22:48.714Z - normal: Compiled successfully
2016-08-11T02:24:54.306Z - normal: Compiled successfully
2016-08-11T02:40:14.249Z - normal: Compiled successfully
2016-08-11T02:40:32.610Z - normal: Compiled successfully
2016-08-11T02:43:00.802Z - normal: Compiled successfully
2016-08-11T02:47:27.812Z - normal: Compiled successfully
2016-08-11T02:47:52.526Z - normal: Compiled successfully
2016-08-11T02:50:51.221Z - normal: Compiled successfully
2016-08-11T02:52:47.785Z - normal: Compiled successfully
2016-08-11T02:55:17.243Z - normal: Compiled successfully
2016-08-11T02:57:10.218Z - normal: Compiled successfully
2016-08-11T02:59:57.822Z - normal: Compiled successfully
2016-08-11T05:52:59.183Z - normal: Compiled successfully
2016-08-11T06:18:22.359Z - normal: Compiled successfully
2016-08-11T06:22:39.533Z - normal: Compiled successfully
2016-08-11T06:28:06.719Z - normal: Compiled successfully
2016-08-11T06:30:22.809Z - normal: Compiled successfully
2016-08-11T06:31:39.629Z - normal: Compiled successfully
2016-08-11T06:33:40.133Z - normal: Compiled successfully
2016-08-11T06:40:22.581Z - normal: Compiled successfully
2016-08-11T06:41:59.203Z - normal: Compiled successfully
2016-08-11T06:44:48.718Z - normal: Compiled successfully
2016-08-11T06:45:36.135Z - normal: Compiled successfully
2016-08-11T06:46:26.170Z - normal: Compiled successfully
2016-08-11T06:48:07.466Z - normal: Compiled successfully
2016-08-11T06:48:15.764Z - normal: Compiled successfully
2016-08-11T06:51:33.937Z - normal: Compiled successfully
2016-08-11T06:53:14.023Z - normal: Compiled successfully
2016-08-11T06:54:41.619Z - normal: Compiled successfully
2016-08-11T06:57:07.432Z - normal: Compiled successfully
2016-08-11T06:57:30.374Z - normal: Compiled successfully
2016-08-11T06:58:08.883Z - normal: Compiled successfully
2016-08-11T08:19:44.793Z - normal: Compiled successfully
2016-08-11T08:20:36.412Z - normal: Compiled successfully
2016-08-11T08:35:07.759Z - normal: Compiled successfully
2016-08-11T08:37:01.273Z - normal: Compiled successfully
2016-08-11T08:58:24.343Z - normal: Compiled successfully
2016-08-11T09:11:58.671Z - normal: Compiled successfully
2016-08-11T09:13:20.562Z - normal: Compiled successfully
2016-08-11T10:03:01.428Z - normal: Compiled successfully
2016-08-11T10:04:19.994Z - normal: Compiled successfully
2016-08-11T10:04:29.761Z - normal: Compiled successfully
2016-08-11T10:05:22.392Z - normal: Compiled successfully
2016-08-11T10:06:53.659Z - normal: Compiled successfully
2016-08-11T10:08:37.197Z - normal: Compiled successfully
2016-08-11T10:23:46.139Z - info: shutdown preview server
